<?xml version="1.0" encoding="UTF-8"?>
<!-- Generated by org.testng.reporters.JUnitReportReporter -->
<testsuite skipped="0" hostname="DESKTOP-2E35UO5" name="RestAssure.API_Automation.OAuth2Demo" tests="2" failures="0" timestamp="2020-12-06T00:50:35 IST" time="7.815" errors="0">
  <testcase name="AccessInvalid" time="5.596" classname="RestAssure.API_Automation.OAuth2Demo"/>
  <system-out/>
  <testcase name="AccessValidAPI" time="2.219" classname="RestAssure.API_Automation.OAuth2Demo"/>
  <system-out/>
</testsuite> <!-- RestAssure.API_Automation.OAuth2Demo -->
