<?xml version="1.0" encoding="UTF-8"?>
<!-- Generated by org.testng.reporters.JUnitReportReporter -->
<testsuite skipped="0" hostname="DESKTOP-2E35UO5" name="RestAssure.API_Automation.RestAPI_Demo" tests="1" failures="0" timestamp="2020-11-29T23:37:32 IST" time="7.863" errors="0">
  <testcase name="TestAPI" time="7.863" classname="RestAssure.API_Automation.RestAPI_Demo"/>
  <system-out/>
</testsuite> <!-- RestAssure.API_Automation.RestAPI_Demo -->
