<?xml version="1.0" encoding="UTF-8"?>
<!-- Generated by org.testng.reporters.JUnitReportReporter -->
<testsuite skipped="0" hostname="DESKTOP-2E35UO5" name="RestAssure.API_Automation.Put_Demo" tests="1" failures="0" timestamp="2020-11-30T22:50:41 IST" time="2.694" errors="0">
  <testcase name="APIDemo" time="2.694" classname="RestAssure.API_Automation.Put_Demo"/>
  <system-out/>
</testsuite> <!-- RestAssure.API_Automation.Put_Demo -->
